{
  "RSpec": {
    "coverage": {
      "/Users/max/Desktop/tech_portfolio/rails-online-shop-challenge/app/models/admin.rb": [
        1,
        null,
        null,
        1,
        null,
        null
      ],
      "/Users/max/Desktop/tech_portfolio/rails-online-shop-challenge/app/models/user.rb": [
        1,
        null,
        null,
        1,
        null,
        null,
        1,
        null,
        1,
        0,
        null,
        null,
        null
      ],
      "/Users/max/Desktop/tech_portfolio/rails-online-shop-challenge/app/helpers/admins_helper.rb": [
        1,
        null
      ],
      "/Users/max/Desktop/tech_portfolio/rails-online-shop-challenge/app/helpers/application_helper.rb": [
        1,
        null
      ],
      "/Users/max/Desktop/tech_portfolio/rails-online-shop-challenge/app/helpers/cart_items_helper.rb": [
        1,
        null
      ],
      "/Users/max/Desktop/tech_portfolio/rails-online-shop-challenge/app/helpers/homepage_helper.rb": [
        1,
        null
      ],
      "/Users/max/Desktop/tech_portfolio/rails-online-shop-challenge/app/helpers/homepage_admin_helper.rb": [
        1,
        null
      ],
      "/Users/max/Desktop/tech_portfolio/rails-online-shop-challenge/app/helpers/items_helper.rb": [
        1,
        null
      ],
      "/Users/max/Desktop/tech_portfolio/rails-online-shop-challenge/app/helpers/products_helper.rb": [
        1,
        null
      ],
      "/Users/max/Desktop/tech_portfolio/rails-online-shop-challenge/app/helpers/store_helper.rb": [
        1,
        null
      ],
      "/Users/max/Desktop/tech_portfolio/rails-online-shop-challenge/app/helpers/users_helper.rb": [
        1,
        null
      ],
      "/Users/max/Desktop/tech_portfolio/rails-online-shop-challenge/app/controllers/inventories_controller.rb": [
        1,
        1,
        1,
        null,
        1,
        2,
        null,
        null,
        1,
        null,
        null,
        1,
        1,
        1,
        null,
        null,
        1,
        0,
        0,
        0,
        0,
        null,
        0,
        null,
        null,
        null,
        1,
        0,
        null,
        null,
        1,
        0,
        0,
        0,
        null,
        0,
        null,
        null,
        null,
        1,
        0,
        0,
        null,
        1,
        0,
        null,
        null,
        null,
        1,
        1,
        0,
        null,
        null,
        1,
        1,
        null,
        null
      ],
      "/Users/max/Desktop/tech_portfolio/rails-online-shop-challenge/app/controllers/application_controller.rb": [
        1,
        null,
        null,
        1,
        null
      ],
      "/Users/max/Desktop/tech_portfolio/rails-online-shop-challenge/app/models/item.rb": [
        1,
        null,
        1,
        1,
        1,
        null,
        1,
        null,
        null
      ]
    },
    "timestamp": 1445807175
  }
}
