{
  "RSpec": {
    "coverage": {
      "/Users/apprentice/Desktop/shop/rails-online-shop-challenge/app/helpers/application_helper.rb": [
        1,
        null
      ],
      "/Users/apprentice/Desktop/shop/rails-online-shop-challenge/app/helpers/homepage_helper.rb": [
        1,
        null
      ],
      "/Users/apprentice/Desktop/shop/rails-online-shop-challenge/app/helpers/homepage_admin_helper.rb": [
        1,
        null
      ],
      "/Users/apprentice/Desktop/shop/rails-online-shop-challenge/app/helpers/items_helper.rb": [
        1,
        null
      ],
      "/Users/apprentice/Desktop/shop/rails-online-shop-challenge/app/helpers/products_helper.rb": [
        1,
        null
      ],
      "/Users/apprentice/Desktop/shop/rails-online-shop-challenge/app/helpers/store_helper.rb": [
        1,
        null
      ],
      "/Users/apprentice/Desktop/shop/rails-online-shop-challenge/app/controllers/inventories_controller.rb": [
        1,
        1,
        null,
        1,
        0,
        null,
        null,
        1,
        null,
        null,
        1,
        1,
        1,
        null,
        null,
        1,
        2,
        2,
        1,
        1,
        null,
        1,
        null,
        null,
        null,
        1,
        1,
        null,
        null,
        1,
        1,
        1,
        1,
        null,
        0,
        null,
        null,
        null,
        1,
        2,
        2,
        null,
        null,
        1,
        1,
        3,
        null,
        null,
        1,
        5,
        null,
        null
      ],
      "/Users/apprentice/Desktop/shop/rails-online-shop-challenge/app/controllers/application_controller.rb": [
        1,
        null,
        null,
        1,
        null
      ],
      "/Users/apprentice/Desktop/shop/rails-online-shop-challenge/app/models/item.rb": [
        1,
        1,
        1,
        1,
        null,
        null
      ],
      "/Users/apprentice/Desktop/shop/rails-online-shop-challenge/app/controllers/products_controller.rb": [
        1,
        1,
        null,
        1,
        0,
        null,
        null,
        1,
        null,
        null,
        1,
        0,
        0,
        null,
        null,
        1,
        0,
        0,
        0,
        0,
        null,
        0,
        null,
        null,
        null,
        1,
        0,
        null,
        null,
        1,
        0,
        0,
        0,
        null,
        0,
        null,
        null,
        null,
        1,
        0,
        0,
        null,
        null,
        1,
        1,
        0,
        null,
        null,
        1,
        0,
        null,
        null
      ]
    },
    "timestamp": 1445470107
  }
}
